{"time":"2025-03-18T03:28:25.4978226+07:00","level":"INFO","msg":"This is an info message","key1":"value1","key2":2}
{"time":"2025-03-18T03:28:25.5000603+07:00","level":"INFO","msg":"This is an info message"}
{"time":"2025-03-18T03:28:25.5000603+07:00","level":"WARN","msg":"This is a warning message"}
{"time":"2025-03-18T03:28:25.5000603+07:00","level":"ERROR","msg":"This is an error message"}
{"time":"2025-03-18T03:28:25.5000603+07:00","level":"INFO","msg":"Request","users":{"id":233,"username":"test"},"req":{"method":"GET"}}
{"time":"2025-03-18T03:28:25.5005145+07:00","level":"INFO","msg":"Request","req":{"method":"GET"}}
{"time":"2025-03-18T03:29:40.7064263+07:00","level":"INFO","msg":"This is an info message","key1":"value1","key2":2}
{"time":"2025-03-18T03:29:40.7089388+07:00","level":"INFO","msg":"This is an info message"}
{"time":"2025-03-18T03:29:40.7089388+07:00","level":"WARN","msg":"This is a warning message"}
{"time":"2025-03-18T03:29:40.7095946+07:00","level":"ERROR","msg":"This is an error message"}
{"time":"2025-03-18T03:29:40.710167+07:00","level":"INFO","msg":"Request","users":{"id":410,"username":"test"},"req":{"method":"GET"}}
{"time":"2025-03-18T03:29:40.7107921+07:00","level":"INFO","msg":"Request","req":{"method":"GET"}}
{"time":"2025-03-18T03:38:52.6367057+07:00","level":"INFO","msg":"This is an info message","key1":"value1","key2":2}
{"time":"2025-03-18T03:38:52.6404331+07:00","level":"INFO","msg":"This is an info message"}
{"time":"2025-03-18T03:38:52.6410393+07:00","level":"WARN","msg":"This is a warning message"}
{"time":"2025-03-18T03:38:52.6417257+07:00","level":"ERROR","msg":"This is an error message"}
{"time":"2025-03-18T03:38:52.6422874+07:00","level":"INFO","msg":"Request","users":{"id":677,"username":"test"},"req":{"method":"GET"}}
{"time":"2025-03-18T03:38:52.6422874+07:00","level":"INFO","msg":"Request","req":{"method":"GET"}}
{"time":"2025-03-18T03:38:52.6429059+07:00","level":"INFO","msg":"User","req":{"method":"GET"},"!BADKEY":"User{id=1, username=test, password=password}"}
{"time":"2025-03-18T03:39:11.4394692+07:00","level":"INFO","msg":"This is an info message","key1":"value1","key2":2}
{"time":"2025-03-18T03:39:11.442665+07:00","level":"INFO","msg":"This is an info message"}
{"time":"2025-03-18T03:39:11.4432923+07:00","level":"WARN","msg":"This is a warning message"}
{"time":"2025-03-18T03:39:11.443855+07:00","level":"ERROR","msg":"This is an error message"}
{"time":"2025-03-18T03:39:11.4444975+07:00","level":"INFO","msg":"Request","users":{"id":458,"username":"test"},"req":{"method":"GET"}}
{"time":"2025-03-18T03:39:11.4444975+07:00","level":"INFO","msg":"Request","req":{"method":"GET"}}
{"time":"2025-03-18T03:39:11.4452105+07:00","level":"INFO","msg":"User","req":{"method":"GET"},"!BADKEY":"User{id=1, username=test, password=password}"}
{"time":"2025-03-18T03:42:32.1448418+07:00","level":"INFO","msg":"This is an info message","key1":"value1","key2":2}
{"time":"2025-03-18T03:42:32.1471179+07:00","level":"INFO","msg":"This is an info message"}
{"time":"2025-03-18T03:42:32.1471179+07:00","level":"WARN","msg":"This is a warning message"}
{"time":"2025-03-18T03:42:32.1478788+07:00","level":"ERROR","msg":"This is an error message"}
{"time":"2025-03-18T03:42:32.1485874+07:00","level":"INFO","msg":"Request","users":{"id":488,"username":"test"},"req":{"method":"GET"}}
{"time":"2025-03-18T03:42:32.1494041+07:00","level":"INFO","msg":"Request","req":{"method":"GET"}}
{"time":"2025-03-18T03:42:32.150144+07:00","level":"INFO","msg":"User","req":{"method":"GET"},"!BADKEY":"User{id=1, username=test, password=password}"}
{"time":"2025-03-18T03:48:19.1076243+07:00","level":"INFO","msg":"This is an info message","key1":"value1","key2":2}
{"time":"2025-03-18T03:48:19.1087903+07:00","level":"INFO","msg":"This is an info message"}
{"time":"2025-03-18T03:48:19.1093341+07:00","level":"WARN","msg":"This is a warning message"}
{"time":"2025-03-18T03:48:19.1093341+07:00","level":"ERROR","msg":"This is an error message"}
{"time":"2025-03-18T03:48:19.1105205+07:00","level":"INFO","msg":"Request","users":{"id":789,"username":"test"},"req":{"method":"GET"}}
{"time":"2025-03-18T03:48:19.1105205+07:00","level":"INFO","msg":"Request","req":{"method":"GET"}}
{"time":"2025-03-18T03:48:19.1110754+07:00","level":"INFO","msg":"User","req":{"method":"GET"},"!BADKEY":"tyes"}
{"time":"2025-03-18T03:48:47.4160633+07:00","level":"INFO","msg":"This is an info message","key1":"value1","key2":2}
{"time":"2025-03-18T03:48:47.4172293+07:00","level":"INFO","msg":"This is an info message"}
{"time":"2025-03-18T03:48:47.4172293+07:00","level":"WARN","msg":"This is a warning message"}
{"time":"2025-03-18T03:48:47.4179097+07:00","level":"ERROR","msg":"This is an error message"}
{"time":"2025-03-18T03:48:47.41846+07:00","level":"INFO","msg":"Request","users":{"id":819,"username":"test"},"req":{"method":"GET"}}
{"time":"2025-03-18T03:48:47.4190605+07:00","level":"INFO","msg":"Request","req":{"method":"GET"}}
{"time":"2025-03-18T03:48:47.4190605+07:00","level":"INFO","msg":"User","req":{"method":"GET"},"user data":"User{id=1, username=test, password=password}"}
{"time":"2025-03-18T03:49:15.5616415+07:00","level":"INFO","msg":"This is an info message","key1":"value1","key2":2}
{"time":"2025-03-18T03:49:15.5638948+07:00","level":"INFO","msg":"This is an info message"}
{"time":"2025-03-18T03:49:15.564456+07:00","level":"WARN","msg":"This is a warning message"}
{"time":"2025-03-18T03:49:15.5650596+07:00","level":"ERROR","msg":"This is an error message"}
{"time":"2025-03-18T03:49:15.5656332+07:00","level":"INFO","msg":"Request","users":{"id":49,"username":"test"},"req":{"method":"GET"}}
{"time":"2025-03-18T03:49:15.5661991+07:00","level":"INFO","msg":"Request","req":{"method":"GET"}}
{"time":"2025-03-18T03:49:15.5667506+07:00","level":"INFO","msg":"User","req":{"method":"GET"},"user data":"id=1, username=test, password=password"}
